
========================================
TIMESTAMP: 2026-07-18T23:22:34.981Z
TO: sunita.d@gov.in
SUBJECT: [e-Office Alert] undefined
----------------------------------------
CONTENT (HTML):

          <div style="font-family: sans-serif; padding: 20px; max-width: 600px; border: 1px solid #e2e8f0; border-radius: 8px;">
            <div style="background: linear-gradient(135deg, #1a3c6e 0%, #1e3a8a 100%); padding: 15px; border-radius: 8px 8px 0 0; color: white;">
              <h2 style="margin: 0; font-size: 18px;">e-Office Pro Notification</h2>
              <span style="font-size: 11px; opacity: 0.8;">NIC Government Collaboration Suite</span>
            </div>
            <div style="padding: 20px; background-color: #ffffff;">
              <p>Dear <strong>Sunita Deshmukh</strong>,</p>
              <p>An action event has occurred in your e-Office workspace:</p>
              <div style="background-color: #f8fafc; padding: 15px; border-left: 4px solid #1e3a8a; margin: 15px 0; border-radius: 0 4px 4px 0;">
                <h3 style="margin: 0; color: #1e3a8a; font-size: 15px;">undefined</h3>
                <p style="margin: 10px 0 0 0; color: #334155; font-size: 13px; line-height: 1.5;">[AI Workload Assistance Request] Officer Vikram Malhotra is overloaded. Recommended transferring 2 files to you. Estimated effort: Low. Would you like to assist? [Event ID: 20]</p>
              </div>
              <p style="font-size: 13px; color: #475569;">
                Please log in to your dashboard to review this record and perform the required dispatch or approval steps.
              </p>
            </div>
            <div style="background-color: #f1f5f9; padding: 10px; border-radius: 0 0 8px 8px; text-align: center; font-size: 11px; color: #64748b;">
              This is an automated system notification from the National Informatics Centre (NIC) e-Office Pro platform. Do not reply directly to this email.
            </div>
          </div>
        
========================================


========================================
TIMESTAMP: 2026-07-18T23:26:28.548Z
TO: vikram.m@gov.in
SUBJECT: [e-Office Alert] undefined
----------------------------------------
CONTENT (HTML):

          <div style="font-family: sans-serif; padding: 20px; max-width: 600px; border: 1px solid #e2e8f0; border-radius: 8px;">
            <div style="background: linear-gradient(135deg, #1a3c6e 0%, #1e3a8a 100%); padding: 15px; border-radius: 8px 8px 0 0; color: white;">
              <h2 style="margin: 0; font-size: 18px;">e-Office Pro Notification</h2>
              <span style="font-size: 11px; opacity: 0.8;">NIC Government Collaboration Suite</span>
            </div>
            <div style="padding: 20px; background-color: #ffffff;">
              <p>Dear <strong>Vikram Malhotra</strong>,</p>
              <p>An action event has occurred in your e-Office workspace:</p>
              <div style="background-color: #f8fafc; padding: 15px; border-left: 4px solid #1e3a8a; margin: 15px 0; border-radius: 0 4px 4px 0;">
                <h3 style="margin: 0; color: #1e3a8a; font-size: 15px;">undefined</h3>
                <p style="margin: 10px 0 0 0; color: #334155; font-size: 13px; line-height: 1.5;">[AI Workload Assistance Request] Officer Sunita Deshmukh is overloaded. Recommended transferring 2 files to you. Estimated effort: Low. Would you like to assist? [Event ID: 23]</p>
              </div>
              <p style="font-size: 13px; color: #475569;">
                Please log in to your dashboard to review this record and perform the required dispatch or approval steps.
              </p>
            </div>
            <div style="background-color: #f1f5f9; padding: 10px; border-radius: 0 0 8px 8px; text-align: center; font-size: 11px; color: #64748b;">
              This is an automated system notification from the National Informatics Centre (NIC) e-Office Pro platform. Do not reply directly to this email.
            </div>
          </div>
        
========================================


========================================
TIMESTAMP: 2026-07-18T23:26:28.556Z
TO: vikram.m@gov.in
SUBJECT: [e-Office Alert] undefined
----------------------------------------
CONTENT (HTML):

          <div style="font-family: sans-serif; padding: 20px; max-width: 600px; border: 1px solid #e2e8f0; border-radius: 8px;">
            <div style="background: linear-gradient(135deg, #1a3c6e 0%, #1e3a8a 100%); padding: 15px; border-radius: 8px 8px 0 0; color: white;">
              <h2 style="margin: 0; font-size: 18px;">e-Office Pro Notification</h2>
              <span style="font-size: 11px; opacity: 0.8;">NIC Government Collaboration Suite</span>
            </div>
            <div style="padding: 20px; background-color: #ffffff;">
              <p>Dear <strong>Vikram Malhotra</strong>,</p>
              <p>An action event has occurred in your e-Office workspace:</p>
              <div style="background-color: #f8fafc; padding: 15px; border-left: 4px solid #1e3a8a; margin: 15px 0; border-radius: 0 4px 4px 0;">
                <h3 style="margin: 0; color: #1e3a8a; font-size: 15px;">undefined</h3>
                <p style="margin: 10px 0 0 0; color: #334155; font-size: 13px; line-height: 1.5;">[AI Workload Assistance Request] Officer Sunita Deshmukh is overloaded. Recommended transferring 2 files to you. Estimated effort: Low. Would you like to assist? [Event ID: 23]</p>
              </div>
              <p style="font-size: 13px; color: #475569;">
                Please log in to your dashboard to review this record and perform the required dispatch or approval steps.
              </p>
            </div>
            <div style="background-color: #f1f5f9; padding: 10px; border-radius: 0 0 8px 8px; text-align: center; font-size: 11px; color: #64748b;">
              This is an automated system notification from the National Informatics Centre (NIC) e-Office Pro platform. Do not reply directly to this email.
            </div>
          </div>
        
========================================


========================================
TIMESTAMP: 2026-07-18T23:26:28.561Z
TO: vikram.m@gov.in
SUBJECT: [e-Office Alert] undefined
----------------------------------------
CONTENT (HTML):

          <div style="font-family: sans-serif; padding: 20px; max-width: 600px; border: 1px solid #e2e8f0; border-radius: 8px;">
            <div style="background: linear-gradient(135deg, #1a3c6e 0%, #1e3a8a 100%); padding: 15px; border-radius: 8px 8px 0 0; color: white;">
              <h2 style="margin: 0; font-size: 18px;">e-Office Pro Notification</h2>
              <span style="font-size: 11px; opacity: 0.8;">NIC Government Collaboration Suite</span>
            </div>
            <div style="padding: 20px; background-color: #ffffff;">
              <p>Dear <strong>Vikram Malhotra</strong>,</p>
              <p>An action event has occurred in your e-Office workspace:</p>
              <div style="background-color: #f8fafc; padding: 15px; border-left: 4px solid #1e3a8a; margin: 15px 0; border-radius: 0 4px 4px 0;">
                <h3 style="margin: 0; color: #1e3a8a; font-size: 15px;">undefined</h3>
                <p style="margin: 10px 0 0 0; color: #334155; font-size: 13px; line-height: 1.5;">[AI Workload Assistance Request] Officer Sunita Deshmukh is overloaded. Recommended transferring 2 files to you. Estimated effort: Low. Would you like to assist? [Event ID: 23]</p>
              </div>
              <p style="font-size: 13px; color: #475569;">
                Please log in to your dashboard to review this record and perform the required dispatch or approval steps.
              </p>
            </div>
            <div style="background-color: #f1f5f9; padding: 10px; border-radius: 0 0 8px 8px; text-align: center; font-size: 11px; color: #64748b;">
              This is an automated system notification from the National Informatics Centre (NIC) e-Office Pro platform. Do not reply directly to this email.
            </div>
          </div>
        
========================================


========================================
TIMESTAMP: 2026-07-18T23:27:03.871Z
TO: sunita.d@gov.in
SUBJECT: [e-Office Alert] undefined
----------------------------------------
CONTENT (HTML):

          <div style="font-family: sans-serif; padding: 20px; max-width: 600px; border: 1px solid #e2e8f0; border-radius: 8px;">
            <div style="background: linear-gradient(135deg, #1a3c6e 0%, #1e3a8a 100%); padding: 15px; border-radius: 8px 8px 0 0; color: white;">
              <h2 style="margin: 0; font-size: 18px;">e-Office Pro Notification</h2>
              <span style="font-size: 11px; opacity: 0.8;">NIC Government Collaboration Suite</span>
            </div>
            <div style="padding: 20px; background-color: #ffffff;">
              <p>Dear <strong>Sunita Deshmukh</strong>,</p>
              <p>An action event has occurred in your e-Office workspace:</p>
              <div style="background-color: #f8fafc; padding: 15px; border-left: 4px solid #1e3a8a; margin: 15px 0; border-radius: 0 4px 4px 0;">
                <h3 style="margin: 0; color: #1e3a8a; font-size: 15px;">undefined</h3>
                <p style="margin: 10px 0 0 0; color: #334155; font-size: 13px; line-height: 1.5;">Workload Assistance Accepted: Officer Vikram Malhotra has accepted 2 files from your queue. Badges updated.</p>
              </div>
              <p style="font-size: 13px; color: #475569;">
                Please log in to your dashboard to review this record and perform the required dispatch or approval steps.
              </p>
            </div>
            <div style="background-color: #f1f5f9; padding: 10px; border-radius: 0 0 8px 8px; text-align: center; font-size: 11px; color: #64748b;">
              This is an automated system notification from the National Informatics Centre (NIC) e-Office Pro platform. Do not reply directly to this email.
            </div>
          </div>
        
========================================


========================================
TIMESTAMP: 2026-07-18T23:27:03.922Z
TO: vikram.m@gov.in
SUBJECT: [e-Office Alert] undefined
----------------------------------------
CONTENT (HTML):

          <div style="font-family: sans-serif; padding: 20px; max-width: 600px; border: 1px solid #e2e8f0; border-radius: 8px;">
            <div style="background: linear-gradient(135deg, #1a3c6e 0%, #1e3a8a 100%); padding: 15px; border-radius: 8px 8px 0 0; color: white;">
              <h2 style="margin: 0; font-size: 18px;">e-Office Pro Notification</h2>
              <span style="font-size: 11px; opacity: 0.8;">NIC Government Collaboration Suite</span>
            </div>
            <div style="padding: 20px; background-color: #ffffff;">
              <p>Dear <strong>Vikram Malhotra</strong>,</p>
              <p>An action event has occurred in your e-Office workspace:</p>
              <div style="background-color: #f8fafc; padding: 15px; border-left: 4px solid #1e3a8a; margin: 15px 0; border-radius: 0 4px 4px 0;">
                <h3 style="margin: 0; color: #1e3a8a; font-size: 15px;">undefined</h3>
                <p style="margin: 10px 0 0 0; color: #334155; font-size: 13px; line-height: 1.5;">You accepted workload assistance: 2 files successfully transferred to your inbox. Helping Score: +1.</p>
              </div>
              <p style="font-size: 13px; color: #475569;">
                Please log in to your dashboard to review this record and perform the required dispatch or approval steps.
              </p>
            </div>
            <div style="background-color: #f1f5f9; padding: 10px; border-radius: 0 0 8px 8px; text-align: center; font-size: 11px; color: #64748b;">
              This is an automated system notification from the National Informatics Centre (NIC) e-Office Pro platform. Do not reply directly to this email.
            </div>
          </div>
        
========================================

